# JRE version: OpenJDK Runtime Environment (23.0+37) (build 23+37-2369)
# Java VM: OpenJDK 64-Bit Server VM (23+37-2369, mixed mode, emulated-client, sharing, tiered, compressed oops, compressed class ptrs, g1 gc, bsd-aarch64)
Heap:
 garbage-first heap   total reserved 4194304K, committed 83968K, used 39383K [0x0000000700000000, 0x0000000800000000)
  region size 2048K, 6 young (12288K), 3 survivors (6144K)
 Metaspace       used 73095K, committed 73792K, reserved 1114112K
  class space    used 10261K, committed 10560K, reserved 1048576K
GC Heap History (20 events):
Event: 0.849 GC heap before
{Heap before GC invocations=6 (full 0):
 garbage-first heap   total reserved 4194304K, committed 57344K, used 39201K [0x0000000700000000, 0x0000000800000000)
  region size 2048K, 16 young (32768K), 4 survivors (8192K)
 Metaspace       used 28634K, committed 28928K, reserved 1114112K
  class space    used 3720K, committed 3840K, reserved 1048576K
}
Event: 0.853 GC heap after
{Heap after GC invocations=7 (full 0):
 garbage-first heap   total reserved 4194304K, committed 57344K, used 16235K [0x0000000700000000, 0x0000000800000000)
  region size 2048K, 2 young (4096K), 2 survivors (4096K)
 Metaspace       used 28634K, committed 28928K, reserved 1114112K
  class space    used 3720K, committed 3840K, reserved 1048576K
}
Event: 1.019 GC heap before
{Heap before GC invocations=7 (full 0):
 garbage-first heap   total reserved 4194304K, committed 57344K, used 40811K [0x0000000700000000, 0x0000000800000000)
  region size 2048K, 15 young (30720K), 2 survivors (4096K)
 Metaspace       used 32204K, committed 32576K, reserved 1114112K
  class space    used 4235K, committed 4416K, reserved 1048576K
}
Event: 1.021 GC heap after
{Heap after GC invocations=8 (full 0):
 garbage-first heap   total reserved 4194304K, committed 57344K, used 17866K [0x0000000700000000, 0x0000000800000000)
  region size 2048K, 2 young (4096K), 2 survivors (4096K)
 Metaspace       used 32204K, committed 32576K, reserved 1114112K
  class space    used 4235K, committed 4416K, reserved 1048576K
}
Event: 1.194 GC heap before
{Heap before GC invocations=8 (full 0):
 garbage-first heap   total reserved 4194304K, committed 57344K, used 42442K [0x0000000700000000, 0x0000000800000000)
  region size 2048K, 15 young (30720K), 2 survivors (4096K)
 Metaspace       used 35905K, committed 36288K, reserved 1114112K
  class space    used 4825K, committed 4992K, reserved 1048576K
}
Event: 1.199 GC heap after
{Heap after GC invocations=9 (full 0):
 garbage-first heap   total reserved 4194304K, committed 159744K, used 20389K [0x0000000700000000, 0x0000000800000000)
  region size 2048K, 2 young (4096K), 2 survivors (4096K)
 Metaspace       used 35905K, committed 36288K, reserved 1114112K
  class space    used 4825K, committed 4992K, reserved 1048576K
}
Event: 1.431 GC heap before
{Heap before GC invocations=10 (full 0):
 garbage-first heap   total reserved 4194304K, committed 69632K, used 55205K [0x0000000700000000, 0x0000000800000000)
  region size 2048K, 20 young (40960K), 2 survivors (4096K)
 Metaspace       used 42362K, committed 42944K, reserved 1114112K
  class space    used 5618K, committed 5888K, reserved 1048576K
}
Event: 1.434 GC heap after
{Heap after GC invocations=11 (full 0):
 garbage-first heap   total reserved 4194304K, committed 69632K, used 22833K [0x0000000700000000, 0x0000000800000000)
  region size 2048K, 3 young (6144K), 3 survivors (6144K)
 Metaspace       used 42362K, committed 42944K, reserved 1114112K
  class space    used 5618K, committed 5888K, reserved 1048576K
}
Event: 1.626 GC heap before
{Heap before GC invocations=11 (full 0):
 garbage-first heap   total reserved 4194304K, committed 69632K, used 53553K [0x0000000700000000, 0x0000000800000000)
  region size 2048K, 19 young (38912K), 3 survivors (6144K)
 Metaspace       used 47989K, committed 48576K, reserved 1114112K
  class space    used 6492K, committed 6784K, reserved 1048576K
}
Event: 1.628 GC heap after
{Heap after GC invocations=12 (full 0):
 garbage-first heap   total reserved 4194304K, committed 69632K, used 23654K [0x0000000700000000, 0x0000000800000000)
  region size 2048K, 2 young (4096K), 2 survivors (4096K)
 Metaspace       used 47989K, committed 48576K, reserved 1114112K
  class space    used 6492K, committed 6784K, reserved 1048576K
}
Event: 1.832 GC heap before
{Heap before GC invocations=12 (full 0):
 garbage-first heap   total reserved 4194304K, committed 69632K, used 56422K [0x0000000700000000, 0x0000000800000000)
  region size 2048K, 19 young (38912K), 2 survivors (4096K)
 Metaspace       used 53896K, committed 54464K, reserved 1114112K
  class space    used 7350K, committed 7616K, reserved 1048576K
}
Event: 1.835 GC heap after
{Heap after GC invocations=13 (full 0):
 garbage-first heap   total reserved 4194304K, committed 69632K, used 25381K [0x0000000700000000, 0x0000000800000000)
  region size 2048K, 2 young (4096K), 2 survivors (4096K)
 Metaspace       used 53896K, committed 54464K, reserved 1114112K
  class space    used 7350K, committed 7616K, reserved 1048576K
}
Event: 2.048 GC heap before
{Heap before GC invocations=13 (full 0):
 garbage-first heap   total reserved 4194304K, committed 69632K, used 52005K [0x0000000700000000, 0x0000000800000000)
  region size 2048K, 17 young (34816K), 2 survivors (4096K)
 Metaspace       used 60295K, committed 60800K, reserved 1114112K
  class space    used 8418K, committed 8640K, reserved 1048576K
}
Event: 2.050 GC heap after
{Heap after GC invocations=14 (full 0):
 garbage-first heap   total reserved 4194304K, committed 69632K, used 26022K [0x0000000700000000, 0x0000000800000000)
  region size 2048K, 2 young (4096K), 2 survivors (4096K)
 Metaspace       used 60295K, committed 60800K, reserved 1114112K
  class space    used 8418K, committed 8640K, reserved 1048576K
}
Event: 2.245 GC heap before
{Heap before GC invocations=15 (full 0):
 garbage-first heap   total reserved 4194304K, committed 69632K, used 56742K [0x0000000700000000, 0x0000000800000000)
  region size 2048K, 17 young (34816K), 2 survivors (4096K)
 Metaspace       used 64904K, committed 65536K, reserved 1114112K
  class space    used 9140K, committed 9408K, reserved 1048576K
}
Event: 2.247 GC heap after
{Heap after GC invocations=16 (full 0):
 garbage-first heap   total reserved 4194304K, committed 69632K, used 27643K [0x0000000700000000, 0x0000000800000000)
  region size 2048K, 2 young (4096K), 2 survivors (4096K)
 Metaspace       used 64904K, committed 65536K, reserved 1114112K
  class space    used 9140K, committed 9408K, reserved 1048576K
}
Event: 2.475 GC heap before
{Heap before GC invocations=16 (full 0):
 garbage-first heap   total reserved 4194304K, committed 69632K, used 56315K [0x0000000700000000, 0x0000000800000000)
  region size 2048K, 17 young (34816K), 2 survivors (4096K)
 Metaspace       used 68491K, committed 69184K, reserved 1114112K
  class space    used 9675K, committed 9920K, reserved 1048576K
}
Event: 2.478 GC heap after
{Heap after GC invocations=17 (full 0):
 garbage-first heap   total reserved 4194304K, committed 83968K, used 30788K [0x0000000700000000, 0x0000000800000000)
  region size 2048K, 3 young (6144K), 3 survivors (6144K)
 Metaspace       used 68491K, committed 69184K, reserved 1114112K
  class space    used 9675K, committed 9920K, reserved 1048576K
}
Event: 413.540 GC heap before
{Heap before GC invocations=17 (full 0):
 garbage-first heap   total reserved 4194304K, committed 83968K, used 67652K [0x0000000700000000, 0x0000000800000000)
  region size 2048K, 22 young (45056K), 3 survivors (6144K)
 Metaspace       used 73010K, committed 73664K, reserved 1114112K
  class space    used 10252K, committed 10560K, reserved 1048576K
}
Event: 413.548 GC heap after
{Heap after GC invocations=18 (full 0):
 garbage-first heap   total reserved 4194304K, committed 83968K, used 34092K [0x0000000700000000, 0x0000000800000000)
  region size 2048K, 3 young (6144K), 3 survivors (6144K)
 Metaspace       used 73010K, committed 73664K, reserved 1114112K
  class space    used 10252K, committed 10560K, reserved 1048576K
}

